<?xml version='1.0'?>
<ns2:test-suite xmlns:ns2='urn:model.allure.qatools.yandex.ru' start='1735811717291' stop='1735811720820'>
    <name>Create Books</name>
    <title>Create Books</title>
    <test-cases>
        <test-case start='1735811718159' status='passed' stop='1735811718420'>
            <name>Valid Case: Create a book with mandatory parameters</name>
            <title>Valid Case: Create a book with mandatory parameters</title>
            <labels/>
            <parameters/>
            <steps/>
            <attachments/>
        </test-case>
        <test-case start='1735811718455' status='passed' stop='1735811719686'>
            <name>Duplicate ID Case: Attempt to create a book with an existing ID</name>
            <title>Duplicate ID Case: Attempt to create a book with an existing ID</title>
            <labels/>
            <parameters/>
            <steps/>
            <attachments/>
        </test-case>
        <test-case start='1735811719708' status='failed' stop='1735811720744'>
            <name>Invalid Case: Missing mandatory fields</name>
            <title>Invalid Case: Missing mandatory fields</title>
            <labels/>
            <parameters/>
            <steps/>
            <attachments/>
            <failure>
                <message>expected 201 to equal 400</message>
                <stack-trace>AssertionError: expected 201 to equal 400
                    at Context.eval (webpack://itqa/./cypress/e2e/api/CreateBook.cy.js:75:39)</stack-trace>
            </failure>
        </test-case>
    </test-cases>
</ns2:test-suite>